<?xml version="1.0" encoding="UTF-8"?>
<testng-results ignored="0" total="1" passed="1" failed="0" skipped="0">
  <reporter-output>
  </reporter-output>
  <suite started-at="2022-05-03T17:32:09 IST" name="Default suite" finished-at="2022-05-03T17:33:31 IST" duration-ms="81492">
    <groups>
    </groups>
    <test started-at="2022-05-03T17:32:09 IST" name="Default test" finished-at="2022-05-03T17:33:31 IST" duration-ms="81492">
      <class name="testscript.Test_script">
        <test-method is-config="true" signature="openapp()[pri:0, instance:testscript.Test_script@5fd4f8f5]" started-at="2022-05-03T17:32:09 IST" name="openapp" finished-at="2022-05-03T17:33:08 IST" duration-ms="58336" status="PASS">
          <reporter-output>
          </reporter-output>
        </test-method> <!-- openapp -->
        <test-method signature="test()[pri:0, instance:testscript.Test_script@5fd4f8f5]" started-at="2022-05-03T17:33:08 IST" name="test" finished-at="2022-05-03T17:33:21 IST" duration-ms="13098" status="PASS">
          <reporter-output>
          </reporter-output>
        </test-method> <!-- test -->
        <test-method is-config="true" signature="closeapp()[pri:0, instance:testscript.Test_script@5fd4f8f5]" started-at="2022-05-03T17:33:21 IST" name="closeapp" finished-at="2022-05-03T17:33:31 IST" duration-ms="9916" status="PASS">
          <reporter-output>
          </reporter-output>
        </test-method> <!-- closeapp -->
      </class> <!-- testscript.Test_script -->
    </test> <!-- Default test -->
  </suite> <!-- Default suite -->
</testng-results>
